app/build/outputs/logs/manifest-merger-debug-report.txt
-- Merging decision tree log ---
manifest
ADDED from src\main\AndroidManifest.xml:1:1-22:12
	package
		ADDED from src\main\AndroidManifest.xml:2:5-46
		INJECTED from src\main\AndroidManifest.xml
		INJECTED from src\main\AndroidManifest.xml
	android:versionName
		INJECTED from src\main\AndroidManifest.xml
		INJECTED from src\main\AndroidManifest.xml
	xmlns:android
		ADDED from src\main\AndroidManifest.xml:1:11-69
	android:versionCode
		INJECTED from src\main\AndroidManifest.xml
		INJECTED from src\main\AndroidManifest.xml
application
ADDED from src\main\AndroidManifest.xml:4:5-20:19
MERGED from [com.android.support:appcompat-v7:25.0.1] AndroidManifest.xml:25:5-20
MERGED from [com.android.support:support-v4:25.0.1] AndroidManifest.xml:25:5-20
MERGED from [com.android.support:support-compat:25.0.1] AndroidManifest.xml:25:5-20
MERGED from [com.android.support:support-media-compat:25.0.1] AndroidManifest.xml:25:5-20
MERGED from [com.android.support:support-core-utils:25.0.1] AndroidManifest.xml:25:5-20
MERGED from [com.android.support:support-core-ui:25.0.1] AndroidManifest.xml:25:5-20
MERGED from [com.android.support:support-fragment:25.0.1] AndroidManifest.xml:25:5-20
MERGED from [com.android.support:support-vector-drawable:25.0.1] AndroidManifest.xml:23:5-20
MERGED from [com.android.support:animated-vector-drawable:25.0.1] AndroidManifest.xml:22:5-20
	android:label
		ADDED from src\main\AndroidManifest.xml:7:9-41
	android:supportsRtl
		ADDED from src\main\AndroidManifest.xml:8:9-35
	android:allowBackup
		ADDED from src\main\AndroidManifest.xml:5:9-35
	android:icon
		ADDED from src\main\AndroidManifest.xml:6:9-43
	android:theme
		ADDED from src\main\AndroidManifest.xml:9:9-40
activity#id.co.dycode.ghopunz.calculator.MainActivity
ADDED from src\main\AndroidManifest.xml:12:9-19:20
	android:configChanges
		ADDED from src\main\AndroidManifest.xml:13:13-74
	android:name
		ADDED from src\main\AndroidManifest.xml:12:19-47
intent-filter#android.intent.action.MAIN+android.intent.category.LAUNCHER
ADDED from src\main\AndroidManifest.xml:15:13-18:29
action#android.intent.action.MAIN
ADDED from src\main\AndroidManifest.xml:16:17-76
	android:name
		ADDED from src\main\AndroidManifest.xml:16:25-66
category#android.intent.category.LAUNCHER
ADDED from src\main\AndroidManifest.xml:17:17-86
	android:name
		ADDED from src\main\AndroidManifest.xml:17:27-74
uses-sdk
INJECTED from src\main\AndroidManifest.xml reason: use-sdk injection requested
MERGED from [com.android.support:appcompat-v7:25.0.1] AndroidManifest.xml:21:5-23:78
MERGED from [com.android.support:support-v4:25.0.1] AndroidManifest.xml:21:5-23:54
MERGED from [com.android.support:support-compat:25.0.1] AndroidManifest.xml:21:5-23:58
MERGED from [com.android.support:support-media-compat:25.0.1] AndroidManifest.xml:21:5-23:63
MERGED from [com.android.support:support-core-utils:25.0.1] AndroidManifest.xml:21:5-23:61
MERGED from [com.android.support:support-core-ui:25.0.1] AndroidManifest.xml:21:5-23:58
MERGED from [com.android.support:support-fragment:25.0.1] AndroidManifest.xml:21:5-23:60
MERGED from [com.android.support:support-vector-drawable:25.0.1] AndroidManifest.xml:21:5-43
MERGED from [com.android.support:animated-vector-drawable:25.0.1] AndroidManifest.xml:20:5-44
MERGED from [com.jakewharton:butterknife:8.4.0] AndroidManifest.xml:5:5-43
	tools:overrideLibrary
		ADDED from [com.android.support:appcompat-v7:25.0.1] AndroidManifest.xml:23:9-75
	android:targetSdkVersion
		INJECTED from src\main\AndroidManifest.xml
		INJECTED from src\main\AndroidManifest.xml
	android:minSdkVersion
		INJECTED from src\main\AndroidManifest.xml
		INJECTED from src\main\AndroidManifest.xml